app/build/outputs/proguard/release/seeds.txt
org.yuttadhammo.BodhiTimer.ANumberPicker
org.yuttadhammo.BodhiTimer.ANumberPicker: ANumberPicker()
org.yuttadhammo.BodhiTimer.Animation.TimerAnimation
org.yuttadhammo.BodhiTimer.Animation.TimerAnimation: void setActivity(org.yuttadhammo.BodhiTimer.TimerActivity)
org.yuttadhammo.BodhiTimer.Animation.TimerAnimation: TimerAnimation(android.content.Context)
org.yuttadhammo.BodhiTimer.Animation.TimerAnimation: TimerAnimation(android.content.Context,android.util.AttributeSet)
org.yuttadhammo.BodhiTimer.Animation.TimerAnimation: void setIndex(int)
org.yuttadhammo.BodhiTimer.Animation.TimerAnimation: int getIndex()
org.yuttadhammo.BodhiTimer.NNumberPicker
org.yuttadhammo.BodhiTimer.NNumberPicker: NNumberPicker()
org.yuttadhammo.BodhiTimer.NNumberPicker: void onClick(android.view.View)
org.yuttadhammo.BodhiTimer.R$array: int numbers
org.yuttadhammo.BodhiTimer.R$array: int themeValues
org.yuttadhammo.BodhiTimer.R$array: int themes
org.yuttadhammo.BodhiTimer.R$color: int dark_gray
org.yuttadhammo.BodhiTimer.R$color: int gallery_item_color
org.yuttadhammo.BodhiTimer.R$color: int light_gray
org.yuttadhammo.BodhiTimer.R$color: int shade
org.yuttadhammo.BodhiTimer.R$color: int tea_bg
org.yuttadhammo.BodhiTimer.R$color: int tea_fill
org.yuttadhammo.BodhiTimer.R$color: int themeA1
org.yuttadhammo.BodhiTimer.R$color: int themeA2
org.yuttadhammo.BodhiTimer.R$color: int themeA3
org.yuttadhammo.BodhiTimer.R$color: int themeA4
org.yuttadhammo.BodhiTimer.R$color: int themeA5
org.yuttadhammo.BodhiTimer.R$color: int themeB1
org.yuttadhammo.BodhiTimer.R$color: int themeB2
org.yuttadhammo.BodhiTimer.R$color: int themeB3
org.yuttadhammo.BodhiTimer.R$color: int themeB4
org.yuttadhammo.BodhiTimer.R$color: int themeB5
org.yuttadhammo.BodhiTimer.R$color: int themeC1
org.yuttadhammo.BodhiTimer.R$color: int themeC2
org.yuttadhammo.BodhiTimer.R$color: int themeC3
org.yuttadhammo.BodhiTimer.R$color: int themeC4
org.yuttadhammo.BodhiTimer.R$color: int themeC5
org.yuttadhammo.BodhiTimer.R$color: int themeD1
org.yuttadhammo.BodhiTimer.R$color: int themeD2
org.yuttadhammo.BodhiTimer.R$color: int themeD3
org.yuttadhammo.BodhiTimer.R$color: int themeD4
org.yuttadhammo.BodhiTimer.R$color: int themeD5
org.yuttadhammo.BodhiTimer.R$color: int themeE1
org.yuttadhammo.BodhiTimer.R$color: int themeE2
org.yuttadhammo.BodhiTimer.R$color: int themeE3
org.yuttadhammo.BodhiTimer.R$color: int themeE4
org.yuttadhammo.BodhiTimer.R$dimen: int app_defaultsize_h
org.yuttadhammo.BodhiTimer.R$dimen: int app_defaultsize_w
org.yuttadhammo.BodhiTimer.R$dimen: int app_minimumsize_h
org.yuttadhammo.BodhiTimer.R$dimen: int app_minimumsize_w
org.yuttadhammo.BodhiTimer.R$dimen: int widget_margin
org.yuttadhammo.BodhiTimer.R$drawable: int ensow
org.yuttadhammo.BodhiTimer.R$drawable: int ensow_black
org.yuttadhammo.BodhiTimer.R$drawable: int glass
org.yuttadhammo.BodhiTimer.R$drawable: int icon
org.yuttadhammo.BodhiTimer.R$drawable: int leaf
org.yuttadhammo.BodhiTimer.R$drawable: int notification
org.yuttadhammo.BodhiTimer.R$drawable: int pause
org.yuttadhammo.BodhiTimer.R$drawable: int pause_black
org.yuttadhammo.BodhiTimer.R$drawable: int play
org.yuttadhammo.BodhiTimer.R$drawable: int play_black
org.yuttadhammo.BodhiTimer.R$drawable: int preferences
org.yuttadhammo.BodhiTimer.R$drawable: int preferences_black
org.yuttadhammo.BodhiTimer.R$drawable: int set
org.yuttadhammo.BodhiTimer.R$drawable: int set_black
org.yuttadhammo.BodhiTimer.R$drawable: int stop
org.yuttadhammo.BodhiTimer.R$drawable: int stop_black
org.yuttadhammo.BodhiTimer.R$drawable: int wblack
org.yuttadhammo.BodhiTimer.R$drawable: int wblacks
org.yuttadhammo.BodhiTimer.R$drawable: int widget_background_black
org.yuttadhammo.BodhiTimer.R$drawable: int widget_background_black_square
org.yuttadhammo.BodhiTimer.R$drawable: int widget_background_white
org.yuttadhammo.BodhiTimer.R$drawable: int widget_background_white_square
org.yuttadhammo.BodhiTimer.R$drawable: int wwhite
org.yuttadhammo.BodhiTimer.R$drawable: int wwhites
...
android.support.v4.view.PagerTabStrip: void setTabIndicatorColor(int)
android.support.v4.view.PagerTabStrip: void setTabIndicatorColorResource(int)
android.support.v4.view.PagerTabStrip: int getTabIndicatorColor()
android.support.v4.view.PagerTabStrip: void setTextSpacing(int)
android.support.v4.view.PagerTabStrip: void setBackgroundDrawable(android.graphics.drawable.Drawable)
android.support.v4.view.PagerTabStrip: void setBackgroundColor(int)
android.support.v4.view.PagerTabStrip: void setBackgroundResource(int)
android.support.v4.view.PagerTabStrip: void setDrawFullUnderline(boolean)
android.support.v4.view.PagerTabStrip: boolean getDrawFullUnderline()
android.support.v4.view.PagerTabStrip: int getMinHeight()
android.support.v4.view.PagerTitleStrip: void setSingleLineAllCaps(android.widget.TextView)
android.support.v4.view.PagerTitleStrip: void setTextSpacing(int)
android.support.v4.view.PagerTitleStrip: int getTextSpacing()
android.support.v4.view.PagerTitleStrip: void setNonPrimaryAlpha(float)
android.support.v4.view.PagerTitleStrip: void setTextColor(int)
android.support.v4.view.PagerTitleStrip: void setGravity(int)
android.support.v4.view.PagerTitleStrip: int getMinHeight()
android.support.v4.view.ViewPager: void setScrollState(int)
android.support.v4.view.ViewPager: void setAdapter(android.support.v4.view.PagerAdapter)
android.support.v4.view.ViewPager: android.support.v4.view.PagerAdapter getAdapter()
android.support.v4.view.ViewPager: void setOnAdapterChangeListener(android.support.v4.view.ViewPager$OnAdapterChangeListener)
android.support.v4.view.ViewPager: int getClientWidth()
android.support.v4.view.ViewPager: void setCurrentItem(int)
android.support.v4.view.ViewPager: int getCurrentItem()
android.support.v4.view.ViewPager: void setOnPageChangeListener(android.support.v4.view.ViewPager$OnPageChangeListener)
android.support.v4.view.ViewPager: void setChildrenDrawingOrderEnabledCompat(boolean)
android.support.v4.view.ViewPager: int getOffscreenPageLimit()
android.support.v4.view.ViewPager: void setOffscreenPageLimit(int)
android.support.v4.view.ViewPager: void setPageMargin(int)
android.support.v4.view.ViewPager: int getPageMargin()
android.support.v4.view.ViewPager: void setPageMarginDrawable(android.graphics.drawable.Drawable)
android.support.v4.view.ViewPager: void setPageMarginDrawable(int)
android.support.v4.view.ViewPager: void setScrollingCacheEnabled(boolean)
android.support.v4.view.ViewPager$SavedState
android.support.v4.view.ViewPager$SavedState: android.os.Parcelable$Creator CREATOR
android.support.v4.widget.DrawerLayout: void setScrimColor(int)
android.support.v4.widget.DrawerLayout: void setDrawerListener(android.support.v4.widget.DrawerLayout$DrawerListener)
android.support.v4.widget.DrawerLayout: void setDrawerLockMode(int)
android.support.v4.widget.DrawerLayout$SavedState
android.support.v4.widget.DrawerLayout$SavedState: android.os.Parcelable$Creator CREATOR