app/build/outputs/proguard/release/mapping.txt
org.yuttadhammo.BodhiTimer.ANumberPicker -> org.yuttadhammo.BodhiTimer.ANumberPicker:
    java.lang.String TAG -> b
    android.content.Context context -> c
    android.content.SharedPreferences prefs -> d
    org.yuttadhammo.BodhiTimer.ANumberPicker$MyAdapter adapter -> e
    java.lang.String advTimeString -> f
    android.widget.EditText hours -> g
    android.widget.EditText mins -> h
    android.widget.EditText secs -> i
    android.widget.ListView listView -> a
    java.util.List advTimeList -> j
    void onCreate(android.os.Bundle) -> onCreate
    void addTimeToList() -> a
    void updateDataSet() -> b
    void removeItem(int) -> a
    android.widget.EditText access$000(org.yuttadhammo.BodhiTimer.ANumberPicker) -> a
    android.widget.EditText access$100(org.yuttadhammo.BodhiTimer.ANumberPicker) -> b
    android.widget.EditText access$200(org.yuttadhammo.BodhiTimer.ANumberPicker) -> c
    void access$300(org.yuttadhammo.BodhiTimer.ANumberPicker) -> d
    android.content.SharedPreferences access$400(org.yuttadhammo.BodhiTimer.ANumberPicker) -> e
    java.lang.String access$500(org.yuttadhammo.BodhiTimer.ANumberPicker) -> f
    android.content.Context access$600(org.yuttadhammo.BodhiTimer.ANumberPicker) -> g
    void access$700(org.yuttadhammo.BodhiTimer.ANumberPicker,int) -> a
org.yuttadhammo.BodhiTimer.ANumberPicker$1 -> org.yuttadhammo.BodhiTimer.a:
    org.yuttadhammo.BodhiTimer.ANumberPicker this$0 -> a
    void afterTextChanged(android.text.Editable) -> afterTextChanged
    void beforeTextChanged(java.lang.CharSequence,int,int,int) -> beforeTextChanged
    void onTextChanged(java.lang.CharSequence,int,int,int) -> onTextChanged
org.yuttadhammo.BodhiTimer.ANumberPicker$2 -> org.yuttadhammo.BodhiTimer.b:
    org.yuttadhammo.BodhiTimer.ANumberPicker this$0 -> a
    void afterTextChanged(android.text.Editable) -> afterTextChanged
    void beforeTextChanged(java.lang.CharSequence,int,int,int) -> beforeTextChanged
    void onTextChanged(java.lang.CharSequence,int,int,int) -> onTextChanged
org.yuttadhammo.BodhiTimer.ANumberPicker$3 -> org.yuttadhammo.BodhiTimer.c:
    org.yuttadhammo.BodhiTimer.ANumberPicker this$0 -> a
    void onClick(android.view.View) -> onClick
org.yuttadhammo.BodhiTimer.ANumberPicker$4 -> org.yuttadhammo.BodhiTimer.d:
    org.yuttadhammo.BodhiTimer.ANumberPicker this$0 -> a
    void onClick(android.view.View) -> onClick
org.yuttadhammo.BodhiTimer.ANumberPicker$5 -> org.yuttadhammo.BodhiTimer.e:
    org.yuttadhammo.BodhiTimer.ANumberPicker this$0 -> a
    void onClick(android.view.View) -> onClick
org.yuttadhammo.BodhiTimer.ANumberPicker$6 -> org.yuttadhammo.BodhiTimer.f:
    org.yuttadhammo.BodhiTimer.ANumberPicker this$0 -> a
    void onClick(android.view.View) -> onClick
org.yuttadhammo.BodhiTimer.ANumberPicker$MyAdapter -> org.yuttadhammo.BodhiTimer.g:
    java.util.List values -> b
    org.yuttadhammo.BodhiTimer.ANumberPicker this$0 -> a
    android.view.View getView(int,android.view.View,android.view.ViewGroup) -> getView
org.yuttadhammo.BodhiTimer.ANumberPicker$MyAdapter$1 -> org.yuttadhammo.BodhiTimer.h:
    int val$position -> a
    org.yuttadhammo.BodhiTimer.ANumberPicker$MyAdapter this$1 -> b
    void onClick(android.view.View) -> onClick
org.yuttadhammo.BodhiTimer.Animation.BodhiLeaf -> org.yuttadhammo.BodhiTimer.Animation.a:
    android.graphics.Bitmap mCupBitmap -> a
    int mWidth -> b
    int mHeight -> c
    android.graphics.Paint mProgressPaint -> d
    android.content.SharedPreferences prefs -> e
    void updateImage(android.graphics.Canvas,int,int) -> a
    void configure() -> a
...
android.support.v4.app.Fragment$SavedState -> android.support.v4.app.Fragment$SavedState:
    android.os.Bundle mState -> a
    android.os.Parcelable$Creator CREATOR -> CREATOR
    int describeContents() -> describeContents
    void writeToParcel(android.os.Parcel,int) -> writeToParcel
android.support.v4.app.Fragment$SavedState$1 -> android.support.v4.app.g:
    android.support.v4.app.Fragment$SavedState createFromParcel(android.os.Parcel) -> a
    android.support.v4.app.Fragment$SavedState[] newArray(int) -> a
    java.lang.Object[] newArray(int) -> newArray
    java.lang.Object createFromParcel(android.os.Parcel) -> createFromParcel
android.support.v4.app.FragmentActivity -> android.support.v4.app.h:
    android.os.Handler mHandler -> a
    android.support.v4.app.FragmentManagerImpl mFragments -> b
    android.support.v4.app.FragmentContainer mContainer -> c
    boolean mCreated -> d
    boolean mResumed -> e
    boolean mStopped -> f
    boolean mReallyStopped -> g
    boolean mRetaining -> h
    boolean mOptionsMenuInvalidated -> i
    boolean mCheckedForLoaderManager -> j
    boolean mLoadersStarted -> k
    android.support.v4.util.SimpleArrayMap mAllLoaderManagers -> l
    android.support.v4.app.LoaderManagerImpl mLoaderManager -> m
    void onActivityResult(int,int,android.content.Intent) -> onActivityResult
    void onBackPressed() -> onBackPressed
    void onConfigurationChanged(android.content.res.Configuration) -> onConfigurationChanged
    void onCreate(android.os.Bundle) -> onCreate
    boolean onCreatePanelMenu(int,android.view.Menu) -> onCreatePanelMenu
    android.view.View onCreateView(java.lang.String,android.content.Context,android.util.AttributeSet) -> onCreateView
    void onDestroy() -> onDestroy
    boolean onKeyDown(int,android.view.KeyEvent) -> onKeyDown
    void onLowMemory() -> onLowMemory
    boolean onMenuItemSelected(int,android.view.MenuItem) -> onMenuItemSelected
    void onPanelClosed(int,android.view.Menu) -> onPanelClosed
    void onPause() -> onPause
    void onNewIntent(android.content.Intent) -> onNewIntent
    void onResume() -> onResume
android.support.v4.app.FragmentActivity$FragmentTag -> android.support.v4.app.i:
    int[] Fragment -> a
android.support.v4.app.FragmentActivity$NonConfigurationInstances -> android.support.v4.app.j:
    java.lang.Object activity -> a
    java.lang.Object custom -> b
    android.support.v4.util.SimpleArrayMap children -> c
    java.util.ArrayList fragments -> d
    android.support.v4.util.SimpleArrayMap loaders -> e
android.support.v4.app.FragmentContainer -> android.support.v4.app.k:
    android.view.View findViewById(int) -> a
android.support.v4.app.FragmentManager -> android.support.v4.app.l:
    android.support.v4.app.FragmentTransaction beginTransaction() -> a
    boolean executePendingTransactions() -> b
    android.support.v4.app.Fragment findFragmentByTag(java.lang.String) -> a
android.support.v4.app.FragmentManager$OnBackStackChangedListener -> android.support.v4.app.m:
    void onBackStackChanged() -> a