app/build/outputs/proguard/release/usage.txt
org.yuttadhammo.BodhiTimer.Animation.CircleAnimation:
    private static final float MAX_SIZE
    android.graphics.RadialGradient mInnerGradient
org.yuttadhammo.BodhiTimer.Animation.TimerAnimation:
    112:121:public void thisClicked()
org.yuttadhammo.BodhiTimer.BuildConfig
org.yuttadhammo.BodhiTimer.NNumberPicker:
    private int[] time
    296:300:public void setTimes(int[])
    340:370:public static android.view.animation.Animation slideUp(android.view.View)
org.yuttadhammo.BodhiTimer.NNumberPicker$2
org.yuttadhammo.BodhiTimer.NNumberPicker$OnNNumberPickedListener
org.yuttadhammo.BodhiTimer.R
org.yuttadhammo.BodhiTimer.R$array
org.yuttadhammo.BodhiTimer.R$attr
org.yuttadhammo.BodhiTimer.R$color
org.yuttadhammo.BodhiTimer.R$dimen
org.yuttadhammo.BodhiTimer.R$drawable
org.yuttadhammo.BodhiTimer.R$id
org.yuttadhammo.BodhiTimer.R$layout
org.yuttadhammo.BodhiTimer.R$raw
org.yuttadhammo.BodhiTimer.R$string
org.yuttadhammo.BodhiTimer.R$style
org.yuttadhammo.BodhiTimer.R$xml
org.yuttadhammo.BodhiTimer.TimerActivity:
    public static final int RUNNING
    public static final int STOPPED
    public static final int PAUSED
    private static final boolean LOG
    private static final int ALERT_DIALOG
    public static final int TIMER_TIC
    public static final java.lang.String BROADCAST_UPDATE
    public static final java.lang.String BROADCAST_STOP
org.yuttadhammo.BodhiTimer.TimerReceiver:
    private static final java.lang.String TAG
    static final java.lang.String CANCEL_NOTIFICATION
org.yuttadhammo.BodhiTimer.TimerUtils:
    14:14:public TimerUtils()
    28:35:public static int textSize(java.lang.String)
org.yuttadhammo.BodhiTimer.VolumePreference:
    private static final java.lang.String androidns
    129:129:public void setMax(int)
    130:130:public int getMax()
    133:136:public void setProgress(int)
    137:137:public int getProgress()
org.yuttadhammo.BodhiTimer.widget.BodhiAppWidgetProvider:
    private static final java.lang.String TAG
...
android.support.v4.app.ShareCompat$ShareCompatImplBase
android.support.v4.app.ShareCompat$ShareCompatImplICS
android.support.v4.app.ShareCompat$ShareCompatImplJB
android.support.v4.app.ShareCompatICS
android.support.v4.app.ShareCompatJB
android.support.v4.app.TaskStackBuilder:
    private static final java.lang.String TAG
    150:150:public static android.support.v4.app.TaskStackBuilder from(android.content.Context)
    178:186:public android.support.v4.app.TaskStackBuilder addNextIntentWithParentStack(android.content.Intent)
    197:215:public android.support.v4.app.TaskStackBuilder addParentStack(android.app.Activity)
    256:256:public int getIntentCount()
    270:270:public android.content.Intent getIntent(int)
    282:282:public android.content.Intent editIntentAt(int)
    301:302:public void startActivities()
    316:330:public void startActivities(android.os.Bundle)
    382:391:public android.content.Intent[] getIntents()
android.support.v4.app.TaskStackBuilder$SupportParentable
android.support.v4.app.TaskStackBuilder$TaskStackBuilderImplJellybean
android.support.v4.app.TaskStackBuilderHoneycomb:
    26:26:TaskStackBuilderHoneycomb()
android.support.v4.app.TaskStackBuilderJellybean
android.support.v4.content.AsyncTaskLoader
android.support.v4.content.AsyncTaskLoader$LoadTask
android.support.v4.content.ContextCompat
android.support.v4.content.ContextCompatFroyo
android.support.v4.content.ContextCompatHoneycomb
android.support.v4.content.ContextCompatJellybean
android.support.v4.content.ContextCompatKitKat
android.support.v4.content.CursorLoader
android.support.v4.content.FileProvider
android.support.v4.content.FileProvider$PathStrategy
android.support.v4.content.FileProvider$SimplePathStrategy
android.support.v4.content.IntentCompat:
    public static final java.lang.String ACTION_EXTERNAL_APPLICATIONS_AVAILABLE
    public static final java.lang.String ACTION_EXTERNAL_APPLICATIONS_UNAVAILABLE
    public static final java.lang.String EXTRA_CHANGED_PACKAGE_LIST
    public static final java.lang.String EXTRA_CHANGED_UID_LIST
    public static final java.lang.String EXTRA_HTML_TEXT
    public static final int FLAG_ACTIVITY_TASK_ON_HOME
    public static final int FLAG_ACTIVITY_CLEAR_TASK
    95:97:private IntentCompat()
    249:249:public static android.content.Intent makeMainSelectorActivity(java.lang.String,java.lang.String)
    266:266:public static android.content.Intent makeRestartActivityTask(android.content.ComponentName)
android.support.v4.content.IntentCompat$IntentCompatImpl:
    public abstract android.content.Intent makeMainSelectorActivity(java.lang.String,java.lang.String)
    public abstract android.content.Intent makeRestartActivityTask(android.content.ComponentName)
android.support.v4.content.IntentCompat$IntentCompatImplBase:
    51:53:public android.content.Intent makeMainSelectorActivity(java.lang.String,java.lang.String)
    58:61:public android.content.Intent makeRestartActivityTask(android.content.ComponentName)
android.support.v4.content.IntentCompat$IntentCompatImplHC:
    72:72:public android.content.Intent makeRestartActivityTask(android.content.ComponentName)
android.support.v4.content.IntentCompat$IntentCompatImplIcsMr1:
    79:79:public android.content.Intent makeMainSelectorActivity(java.lang.String,java.lang.String)
android.support.v4.content.IntentCompatHoneycomb:
    22:22:IntentCompatHoneycomb()
    28:28:public static android.content.Intent makeRestartActivityTask(android.content.ComponentName)
android.support.v4.content.IntentCompatIcsMr1